{"level":"info","message":"Listening on port 3000"}
{"level":"info","message":"Connected to mongodb://localhost/socialie_db..."}
{"level":"info","message":"Listening on port 3000"}
{"level":"info","message":"Connected to mongodb://localhost/socialie_db..."}
{"level":"error","message":"Cannot read property '0' of undefined Cannot read property '0' of undefined","stack":"TypeError: Cannot read property '0' of undefined\n    at C:\\Projects\\Personal\\Social\\socialie-back\\routes\\posts.js:40:55\n    at newFn (C:\\Projects\\Personal\\Social\\socialie-back\\node_modules\\express-async-errors\\index.js:16:20)\n    at Layer.handle [as handle_request] (C:\\Projects\\Personal\\Social\\socialie-back\\node_modules\\express\\lib\\router\\layer.js:95:5)\n    at next (C:\\Projects\\Personal\\Social\\socialie-back\\node_modules\\express\\lib\\router\\route.js:137:13)\n    at module.exports (C:\\Projects\\Personal\\Social\\socialie-back\\middleware\\auth.js:10:5)\n    at newFn (C:\\Projects\\Personal\\Social\\socialie-back\\node_modules\\express-async-errors\\index.js:16:20)\n    at Layer.handle [as handle_request] (C:\\Projects\\Personal\\Social\\socialie-back\\node_modules\\express\\lib\\router\\layer.js:95:5)\n    at next (C:\\Projects\\Personal\\Social\\socialie-back\\node_modules\\express\\lib\\router\\route.js:137:13)\n    at Route.dispatch (C:\\Projects\\Personal\\Social\\socialie-back\\node_modules\\express\\lib\\router\\route.js:112:3)\n    at newFn (C:\\Projects\\Personal\\Social\\socialie-back\\node_modules\\express-async-errors\\index.js:16:20)"}
{"level":"error","message":"Cannot read property '0' of undefined Cannot read property '0' of undefined","stack":"TypeError: Cannot read property '0' of undefined\n    at C:\\Projects\\Personal\\Social\\socialie-back\\routes\\posts.js:40:55\n    at newFn (C:\\Projects\\Personal\\Social\\socialie-back\\node_modules\\express-async-errors\\index.js:16:20)\n    at Layer.handle [as handle_request] (C:\\Projects\\Personal\\Social\\socialie-back\\node_modules\\express\\lib\\router\\layer.js:95:5)\n    at next (C:\\Projects\\Personal\\Social\\socialie-back\\node_modules\\express\\lib\\router\\route.js:137:13)\n    at module.exports (C:\\Projects\\Personal\\Social\\socialie-back\\middleware\\auth.js:10:5)\n    at newFn (C:\\Projects\\Personal\\Social\\socialie-back\\node_modules\\express-async-errors\\index.js:16:20)\n    at Layer.handle [as handle_request] (C:\\Projects\\Personal\\Social\\socialie-back\\node_modules\\express\\lib\\router\\layer.js:95:5)\n    at next (C:\\Projects\\Personal\\Social\\socialie-back\\node_modules\\express\\lib\\router\\route.js:137:13)\n    at Route.dispatch (C:\\Projects\\Personal\\Social\\socialie-back\\node_modules\\express\\lib\\router\\route.js:112:3)\n    at newFn (C:\\Projects\\Personal\\Social\\socialie-back\\node_modules\\express-async-errors\\index.js:16:20)"}
{"level":"info","message":"Listening on port 3000"}
{"level":"info","message":"Connected to mongodb://localhost/socialie_db..."}
{"level":"info","message":"Listening on port 3000"}
{"level":"info","message":"Connected to mongodb://localhost/socialie_db..."}
{"level":"info","message":"Listening on port 3000"}
{"level":"info","message":"Connected to mongodb://localhost/socialie_db..."}
{"level":"info","message":"Listening on port 3000"}
{"level":"info","message":"Connected to mongodb://localhost/socialie_db..."}
{"level":"info","message":"Listening on port 3000"}
{"level":"info","message":"Connected to mongodb://localhost/socialie_db..."}
{"level":"info","message":"Listening on port 3000"}
{"level":"info","message":"Connected to mongodb://localhost/socialie_db..."}
{"level":"info","message":"Listening on port 3000"}
{"level":"info","message":"Connected to mongodb://localhost/socialie_db..."}
{"level":"info","message":"Listening on port 3000"}
{"level":"info","message":"Connected to mongodb://localhost/socialie_db..."}
{"level":"info","message":"Listening on port 3000"}
{"level":"info","message":"Connected to mongodb://localhost/socialie_db..."}
{"level":"info","message":"Listening on port 3000"}
{"level":"info","message":"Connected to mongodb://localhost/socialie_db..."}
{"level":"info","message":"Listening on port 3000"}
{"level":"info","message":"Connected to mongodb://localhost/socialie_db..."}
{"level":"info","message":"Listening on port 3000"}
{"level":"info","message":"Connected to mongodb://localhost/socialie_db..."}
{"level":"info","message":"Listening on port 3000"}
{"level":"info","message":"Connected to mongodb://localhost/socialie_db..."}
{"level":"info","message":"Listening on port 3000"}
{"level":"info","message":"Connected to mongodb://localhost/socialie_db..."}
{"level":"info","message":"Listening on port 3000"}
{"level":"info","message":"Connected to mongodb://localhost/socialie_db..."}
{"level":"info","message":"Listening on port 3000"}
{"level":"info","message":"Connected to mongodb://localhost/socialie_db..."}
{"level":"info","message":"Listening on port 3000"}
{"level":"info","message":"Connected to mongodb://localhost/socialie_db..."}
{"level":"info","message":"Listening on port 3000"}
{"level":"info","message":"Connected to mongodb://localhost/socialie_db..."}
{"level":"info","message":"Listening on port 3000"}
{"level":"info","message":"Connected to mongodb://localhost/socialie_db..."}
{"level":"info","message":"Listening on port 3000"}
{"level":"info","message":"Connected to mongodb://localhost/socialie_db..."}
{"kind":"ObjectId","level":"error","message":"Cast to ObjectId failed for value \"{\n  confirmationCode: 'eyJhbGciOiJIUzI1NiIsInR5cCI6IkpXVCJ9.eyJlbWFpbCI6ImRmd0BzZmRpLnNpdGUiLCJpYXQiOjE2NDgyMjk5MjN9.rxMZVS2ucut2sPpXyb58Tr1F1q4D4KEzUoomBh1eHLU'\n}\" (type Object) at path \"_id\" for model \"User\" Cast to ObjectId failed for value \"{\n  confirmationCode: 'eyJhbGciOiJIUzI1NiIsInR5cCI6IkpXVCJ9.eyJlbWFpbCI6ImRmd0BzZmRpLnNpdGUiLCJpYXQiOjE2NDgyMjk5MjN9.rxMZVS2ucut2sPpXyb58Tr1F1q4D4KEzUoomBh1eHLU'\n}\" (type Object) at path \"_id\" for model \"User\"","path":"_id","reason":{},"stack":"CastError: Cast to ObjectId failed for value \"{\n  confirmationCode: 'eyJhbGciOiJIUzI1NiIsInR5cCI6IkpXVCJ9.eyJlbWFpbCI6ImRmd0BzZmRpLnNpdGUiLCJpYXQiOjE2NDgyMjk5MjN9.rxMZVS2ucut2sPpXyb58Tr1F1q4D4KEzUoomBh1eHLU'\n}\" (type Object) at path \"_id\" for model \"User\"\n    at model.Query.exec (C:\\Projects\\Personal\\Social\\socialie-back\\node_modules\\mongoose\\lib\\query.js:4638:21)\n    at model.Query.Query.then (C:\\Projects\\Personal\\Social\\socialie-back\\node_modules\\mongoose\\lib\\query.js:4737:15)\n    at processTicksAndRejections (internal/process/task_queues.js:95:5)","stringValue":"\"{\n  confirmationCode: 'eyJhbGciOiJIUzI1NiIsInR5cCI6IkpXVCJ9.eyJlbWFpbCI6ImRmd0BzZmRpLnNpdGUiLCJpYXQiOjE2NDgyMjk5MjN9.rxMZVS2ucut2sPpXyb58Tr1F1q4D4KEzUoomBh1eHLU'\n}\"","value":{"confirmationCode":"eyJhbGciOiJIUzI1NiIsInR5cCI6IkpXVCJ9.eyJlbWFpbCI6ImRmd0BzZmRpLnNpdGUiLCJpYXQiOjE2NDgyMjk5MjN9.rxMZVS2ucut2sPpXyb58Tr1F1q4D4KEzUoomBh1eHLU"},"valueType":"Object"}
{"level":"info","message":"Listening on port 3000"}
{"level":"info","message":"Connected to mongodb://localhost/socialie_db..."}
{"level":"info","message":"Listening on port 3000"}
{"level":"info","message":"Connected to mongodb://localhost/socialie_db..."}
{"level":"error","message":"user.confirmationCode.delete is not a function user.confirmationCode.delete is not a function","stack":"TypeError: user.confirmationCode.delete is not a function\n    at C:\\Projects\\Personal\\Social\\socialie-back\\routes\\users.js:56:37\n    at processTicksAndRejections (internal/process/task_queues.js:95:5)"}
{"level":"info","message":"Listening on port 3000"}
{"level":"info","message":"Connected to mongodb://localhost/socialie_db..."}
{"level":"info","message":"Listening on port 3000"}
{"level":"info","message":"Connected to mongodb://localhost/socialie_db..."}
{"kind":"ObjectId","level":"error","message":"Cast to ObjectId failed for value \"{\n  confirmationCode: 'eyJhbGciOiJIUzI1NiIsInR5cCI6IkpXVCJ9.eyJlbWFpbCI6ImRmd0BzZmRpLnNpdGUiLCJpYXQiOjE2NDgyMzA0MzZ9.MFfhUqz9tUGm3GiAg1EwEKDT6klve9Ve8ELY-_6kL9w'\n}\" (type Object) at path \"_id\" for model \"User\" Cast to ObjectId failed for value \"{\n  confirmationCode: 'eyJhbGciOiJIUzI1NiIsInR5cCI6IkpXVCJ9.eyJlbWFpbCI6ImRmd0BzZmRpLnNpdGUiLCJpYXQiOjE2NDgyMzA0MzZ9.MFfhUqz9tUGm3GiAg1EwEKDT6klve9Ve8ELY-_6kL9w'\n}\" (type Object) at path \"_id\" for model \"User\"","path":"_id","reason":{},"stack":"CastError: Cast to ObjectId failed for value \"{\n  confirmationCode: 'eyJhbGciOiJIUzI1NiIsInR5cCI6IkpXVCJ9.eyJlbWFpbCI6ImRmd0BzZmRpLnNpdGUiLCJpYXQiOjE2NDgyMzA0MzZ9.MFfhUqz9tUGm3GiAg1EwEKDT6klve9Ve8ELY-_6kL9w'\n}\" (type Object) at path \"_id\" for model \"User\"\n    at model.Query.exec (C:\\Projects\\Personal\\Social\\socialie-back\\node_modules\\mongoose\\lib\\query.js:4638:21)\n    at model.Query.Query.then (C:\\Projects\\Personal\\Social\\socialie-back\\node_modules\\mongoose\\lib\\query.js:4737:15)\n    at processTicksAndRejections (internal/process/task_queues.js:95:5)","stringValue":"\"{\n  confirmationCode: 'eyJhbGciOiJIUzI1NiIsInR5cCI6IkpXVCJ9.eyJlbWFpbCI6ImRmd0BzZmRpLnNpdGUiLCJpYXQiOjE2NDgyMzA0MzZ9.MFfhUqz9tUGm3GiAg1EwEKDT6klve9Ve8ELY-_6kL9w'\n}\"","value":{"confirmationCode":"eyJhbGciOiJIUzI1NiIsInR5cCI6IkpXVCJ9.eyJlbWFpbCI6ImRmd0BzZmRpLnNpdGUiLCJpYXQiOjE2NDgyMzA0MzZ9.MFfhUqz9tUGm3GiAg1EwEKDT6klve9Ve8ELY-_6kL9w"},"valueType":"Object"}
{"level":"info","message":"Listening on port 3000"}
{"level":"info","message":"Connected to mongodb://localhost/socialie_db..."}
{"level":"info","message":"Listening on port 3000"}
{"level":"info","message":"Connected to mongodb://localhost/socialie_db..."}
{"kind":"ObjectId","level":"error","message":"Cast to ObjectId failed for value \"{\n  confirmationCode: 'eyJhbGciOiJIUzI1NiIsInR5cCI6IkpXVCJ9.eyJlbWFpbCI6ImRmd0BzZmRpLnNpdGUiLCJpYXQiOjE2NDgyMzA0MzZ9.MFfhUqz9tUGm3GiAg1EwEKDT6klve9Ve8ELY-_6kL9w'\n}\" (type Object) at path \"_id\" for model \"User\" Cast to ObjectId failed for value \"{\n  confirmationCode: 'eyJhbGciOiJIUzI1NiIsInR5cCI6IkpXVCJ9.eyJlbWFpbCI6ImRmd0BzZmRpLnNpdGUiLCJpYXQiOjE2NDgyMzA0MzZ9.MFfhUqz9tUGm3GiAg1EwEKDT6klve9Ve8ELY-_6kL9w'\n}\" (type Object) at path \"_id\" for model \"User\"","path":"_id","reason":{},"stack":"CastError: Cast to ObjectId failed for value \"{\n  confirmationCode: 'eyJhbGciOiJIUzI1NiIsInR5cCI6IkpXVCJ9.eyJlbWFpbCI6ImRmd0BzZmRpLnNpdGUiLCJpYXQiOjE2NDgyMzA0MzZ9.MFfhUqz9tUGm3GiAg1EwEKDT6klve9Ve8ELY-_6kL9w'\n}\" (type Object) at path \"_id\" for model \"User\"\n    at model.Query.exec (C:\\Projects\\Personal\\Social\\socialie-back\\node_modules\\mongoose\\lib\\query.js:4638:21)\n    at model.Query.Query.then (C:\\Projects\\Personal\\Social\\socialie-back\\node_modules\\mongoose\\lib\\query.js:4737:15)\n    at processTicksAndRejections (internal/process/task_queues.js:95:5)","stringValue":"\"{\n  confirmationCode: 'eyJhbGciOiJIUzI1NiIsInR5cCI6IkpXVCJ9.eyJlbWFpbCI6ImRmd0BzZmRpLnNpdGUiLCJpYXQiOjE2NDgyMzA0MzZ9.MFfhUqz9tUGm3GiAg1EwEKDT6klve9Ve8ELY-_6kL9w'\n}\"","value":{"confirmationCode":"eyJhbGciOiJIUzI1NiIsInR5cCI6IkpXVCJ9.eyJlbWFpbCI6ImRmd0BzZmRpLnNpdGUiLCJpYXQiOjE2NDgyMzA0MzZ9.MFfhUqz9tUGm3GiAg1EwEKDT6klve9Ve8ELY-_6kL9w"},"valueType":"Object"}
{"level":"info","message":"Listening on port 3000"}
{"level":"info","message":"Connected to mongodb://localhost/socialie_db..."}
{"kind":"ObjectId","level":"error","message":"Cast to ObjectId failed for value \"{\n  confirmationCode: 'eyJhbGciOiJIUzI1NiIsInR5cCI6IkpXVCJ9.eyJlbWFpbCI6ImRmd0BzZmRpLnNpdGUiLCJpYXQiOjE2NDgyMzA0MzZ9.MFfhUqz9tUGm3GiAg1EwEKDT6klve9Ve8ELY-_6kL9w'\n}\" (type Object) at path \"_id\" for model \"User\" Cast to ObjectId failed for value \"{\n  confirmationCode: 'eyJhbGciOiJIUzI1NiIsInR5cCI6IkpXVCJ9.eyJlbWFpbCI6ImRmd0BzZmRpLnNpdGUiLCJpYXQiOjE2NDgyMzA0MzZ9.MFfhUqz9tUGm3GiAg1EwEKDT6klve9Ve8ELY-_6kL9w'\n}\" (type Object) at path \"_id\" for model \"User\"","path":"_id","reason":{},"stack":"CastError: Cast to ObjectId failed for value \"{\n  confirmationCode: 'eyJhbGciOiJIUzI1NiIsInR5cCI6IkpXVCJ9.eyJlbWFpbCI6ImRmd0BzZmRpLnNpdGUiLCJpYXQiOjE2NDgyMzA0MzZ9.MFfhUqz9tUGm3GiAg1EwEKDT6klve9Ve8ELY-_6kL9w'\n}\" (type Object) at path \"_id\" for model \"User\"\n    at model.Query.exec (C:\\Projects\\Personal\\Social\\socialie-back\\node_modules\\mongoose\\lib\\query.js:4638:21)\n    at model.Query.Query.then (C:\\Projects\\Personal\\Social\\socialie-back\\node_modules\\mongoose\\lib\\query.js:4737:15)\n    at processTicksAndRejections (internal/process/task_queues.js:95:5)","stringValue":"\"{\n  confirmationCode: 'eyJhbGciOiJIUzI1NiIsInR5cCI6IkpXVCJ9.eyJlbWFpbCI6ImRmd0BzZmRpLnNpdGUiLCJpYXQiOjE2NDgyMzA0MzZ9.MFfhUqz9tUGm3GiAg1EwEKDT6klve9Ve8ELY-_6kL9w'\n}\"","value":{"confirmationCode":"eyJhbGciOiJIUzI1NiIsInR5cCI6IkpXVCJ9.eyJlbWFpbCI6ImRmd0BzZmRpLnNpdGUiLCJpYXQiOjE2NDgyMzA0MzZ9.MFfhUqz9tUGm3GiAg1EwEKDT6klve9Ve8ELY-_6kL9w"},"valueType":"Object"}
{"level":"info","message":"Listening on port 3000"}
{"level":"info","message":"Connected to mongodb://localhost/socialie_db..."}
{"level":"error","message":"user.save is not a function user.save is not a function","stack":"TypeError: user.save is not a function\n    at C:\\Projects\\Personal\\Social\\socialie-back\\routes\\users.js:64:14\n    at processTicksAndRejections (internal/process/task_queues.js:95:5)"}
{"level":"info","message":"Listening on port 3000"}
{"level":"info","message":"Connected to mongodb://localhost/socialie_db..."}
{"level":"error","message":"user.generateAuthToken is not a function user.generateAuthToken is not a function","stack":"TypeError: user.generateAuthToken is not a function\n    at C:\\Projects\\Personal\\Social\\socialie-back\\routes\\users.js:66:22\n    at processTicksAndRejections (internal/process/task_queues.js:95:5)"}
{"level":"info","message":"Listening on port 3000"}
{"level":"info","message":"Connected to mongodb://localhost/socialie_db..."}
{"level":"info","message":"Listening on port 3000"}
{"level":"info","message":"Connected to mongodb://localhost/socialie_db..."}
{"filter":{"_id":"623e0306cdf048dc70abc680"},"level":"error","message":"No document found for query \"{ _id: new ObjectId(\"623e0306cdf048dc70abc680\") }\" on model \"User\" No document found for query \"{ _id: new ObjectId(\"623e0306cdf048dc70abc680\") }\" on model \"User\"","numAffected":0,"query":{"_id":"623e0306cdf048dc70abc680"},"result":{"$where":{"_id":"623e0306cdf048dc70abc680"},"acknowledged":true,"matchedCount":0,"modifiedCount":0,"upsertedCount":0,"upsertedId":null},"stack":"DocumentNotFoundError: No document found for query \"{ _id: new ObjectId(\"623e0306cdf048dc70abc680\") }\" on model \"User\"\n    at C:\\Projects\\Personal\\Social\\socialie-back\\node_modules\\mongoose\\lib\\model.js:415:17\n    at C:\\Projects\\Personal\\Social\\socialie-back\\node_modules\\mongoose\\lib\\model.js:335:9\n    at collectionOperationCallback (C:\\Projects\\Personal\\Social\\socialie-back\\node_modules\\mongoose\\lib\\drivers\\node-mongodb-native\\collection.js:167:24)\n    at C:\\Projects\\Personal\\Social\\socialie-back\\node_modules\\mongodb\\lib\\utils.js:508:9\n    at C:\\Projects\\Personal\\Social\\socialie-back\\node_modules\\mongodb\\lib\\operations\\execute_operation.js:49:55\n    at C:\\Projects\\Personal\\Social\\socialie-back\\node_modules\\mongodb\\lib\\utils.js:508:9\n    at completeEndSession (C:\\Projects\\Personal\\Social\\socialie-back\\node_modules\\mongodb\\lib\\sessions.js:147:17)\n    at C:\\Projects\\Personal\\Social\\socialie-back\\node_modules\\mongodb\\lib\\sessions.js:157:13\n    at maybePromise (C:\\Projects\\Personal\\Social\\socialie-back\\node_modules\\mongodb\\lib\\utils.js:494:5)\n    at ClientSession.endSession (C:\\Projects\\Personal\\Social\\socialie-back\\node_modules\\mongodb\\lib\\sessions.js:133:41)"}
{"level":"info","message":"Listening on port 3000"}
{"level":"info","message":"Connected to mongodb://localhost/socialie_db..."}
{"level":"info","message":"Listening on port 3000"}
{"level":"info","message":"Connected to mongodb://localhost/socialie_db..."}
{"level":"info","message":"Listening on port 3000"}
{"level":"info","message":"Connected to mongodb://localhost/socialie_db..."}
{"level":"info","message":"Listening on port 3000"}
{"level":"info","message":"Connected to mongodb://localhost/socialie_db..."}
{"level":"info","message":"Listening on port 3000"}
{"level":"info","message":"Connected to mongodb://localhost/socialie_db..."}
{"kind":"ObjectId","level":"error","message":"Cast to ObjectId failed for value \"{\n  confirmationCode: 'eyJhbGciOiJIUzI1NiIsInR5cCI6IkpXVCJ9.eyJlbWFpbCI6ImRmd0BzZmRpLnNpdGUiLCJpYXQiOjE2NDgyMzEyMjN9.M4TtReqNEJD3pJq-vpZ5F6RMz1IHCCRzAvlUy_aw5N8'\n}\" (type Object) at path \"_id\" for model \"User\" Cast to ObjectId failed for value \"{\n  confirmationCode: 'eyJhbGciOiJIUzI1NiIsInR5cCI6IkpXVCJ9.eyJlbWFpbCI6ImRmd0BzZmRpLnNpdGUiLCJpYXQiOjE2NDgyMzEyMjN9.M4TtReqNEJD3pJq-vpZ5F6RMz1IHCCRzAvlUy_aw5N8'\n}\" (type Object) at path \"_id\" for model \"User\"","path":"_id","reason":{},"stack":"CastError: Cast to ObjectId failed for value \"{\n  confirmationCode: 'eyJhbGciOiJIUzI1NiIsInR5cCI6IkpXVCJ9.eyJlbWFpbCI6ImRmd0BzZmRpLnNpdGUiLCJpYXQiOjE2NDgyMzEyMjN9.M4TtReqNEJD3pJq-vpZ5F6RMz1IHCCRzAvlUy_aw5N8'\n}\" (type Object) at path \"_id\" for model \"User\"\n    at model.Query.exec (C:\\Projects\\Personal\\Social\\socialie-back\\node_modules\\mongoose\\lib\\query.js:4638:21)\n    at model.Query.Query.then (C:\\Projects\\Personal\\Social\\socialie-back\\node_modules\\mongoose\\lib\\query.js:4737:15)\n    at processTicksAndRejections (internal/process/task_queues.js:95:5)","stringValue":"\"{\n  confirmationCode: 'eyJhbGciOiJIUzI1NiIsInR5cCI6IkpXVCJ9.eyJlbWFpbCI6ImRmd0BzZmRpLnNpdGUiLCJpYXQiOjE2NDgyMzEyMjN9.M4TtReqNEJD3pJq-vpZ5F6RMz1IHCCRzAvlUy_aw5N8'\n}\"","value":{"confirmationCode":"eyJhbGciOiJIUzI1NiIsInR5cCI6IkpXVCJ9.eyJlbWFpbCI6ImRmd0BzZmRpLnNpdGUiLCJpYXQiOjE2NDgyMzEyMjN9.M4TtReqNEJD3pJq-vpZ5F6RMz1IHCCRzAvlUy_aw5N8"},"valueType":"Object"}
{"kind":"ObjectId","level":"error","message":"Cast to ObjectId failed for value \"{\n  confirmationCode: 'eyJhbGciOiJIUzI1NiIsInR5cCI6IkpXVCJ9.eyJlbWFpbCI6ImRmd0BzZmRpLnNpdGUiLCJpYXQiOjE2NDgyMzEyMjN9.M4TtReqNEJD3pJq-vpZ5F6RMz1IHCCRzAvlUy_aw5N8'\n}\" (type Object) at path \"_id\" for model \"User\" Cast to ObjectId failed for value \"{\n  confirmationCode: 'eyJhbGciOiJIUzI1NiIsInR5cCI6IkpXVCJ9.eyJlbWFpbCI6ImRmd0BzZmRpLnNpdGUiLCJpYXQiOjE2NDgyMzEyMjN9.M4TtReqNEJD3pJq-vpZ5F6RMz1IHCCRzAvlUy_aw5N8'\n}\" (type Object) at path \"_id\" for model \"User\"","path":"_id","reason":{},"stack":"CastError: Cast to ObjectId failed for value \"{\n  confirmationCode: 'eyJhbGciOiJIUzI1NiIsInR5cCI6IkpXVCJ9.eyJlbWFpbCI6ImRmd0BzZmRpLnNpdGUiLCJpYXQiOjE2NDgyMzEyMjN9.M4TtReqNEJD3pJq-vpZ5F6RMz1IHCCRzAvlUy_aw5N8'\n}\" (type Object) at path \"_id\" for model \"User\"\n    at model.Query.exec (C:\\Projects\\Personal\\Social\\socialie-back\\node_modules\\mongoose\\lib\\query.js:4638:21)\n    at model.Query.Query.then (C:\\Projects\\Personal\\Social\\socialie-back\\node_modules\\mongoose\\lib\\query.js:4737:15)\n    at processTicksAndRejections (internal/process/task_queues.js:95:5)","stringValue":"\"{\n  confirmationCode: 'eyJhbGciOiJIUzI1NiIsInR5cCI6IkpXVCJ9.eyJlbWFpbCI6ImRmd0BzZmRpLnNpdGUiLCJpYXQiOjE2NDgyMzEyMjN9.M4TtReqNEJD3pJq-vpZ5F6RMz1IHCCRzAvlUy_aw5N8'\n}\"","value":{"confirmationCode":"eyJhbGciOiJIUzI1NiIsInR5cCI6IkpXVCJ9.eyJlbWFpbCI6ImRmd0BzZmRpLnNpdGUiLCJpYXQiOjE2NDgyMzEyMjN9.M4TtReqNEJD3pJq-vpZ5F6RMz1IHCCRzAvlUy_aw5N8"},"valueType":"Object"}
{"level":"info","message":"Listening on port 3000"}
{"level":"info","message":"Connected to mongodb://localhost/socialie_db..."}
{"level":"error","message":"user.generateAuthToken is not a function user.generateAuthToken is not a function","stack":"TypeError: user.generateAuthToken is not a function\n    at C:\\Projects\\Personal\\Social\\socialie-back\\routes\\users.js:62:22\n    at processTicksAndRejections (internal/process/task_queues.js:95:5)"}
{"level":"info","message":"Listening on port 3000"}
{"level":"info","message":"Connected to mongodb://localhost/socialie_db..."}
{"level":"error","message":"user.generateAuthToken is not a function user.generateAuthToken is not a function","stack":"TypeError: user.generateAuthToken is not a function\n    at C:\\Projects\\Personal\\Social\\socialie-back\\routes\\users.js:62:28\n    at processTicksAndRejections (internal/process/task_queues.js:95:5)"}
{"level":"info","message":"Listening on port 3000"}
{"level":"info","message":"Connected to mongodb://localhost/socialie_db..."}
{"kind":"ObjectId","level":"error","message":"Cast to ObjectId failed for value \"{\n  confirmationCode: 'eyJhbGciOiJIUzI1NiIsInR5cCI6IkpXVCJ9.eyJlbWFpbCI6ImRmd0BzZmRpLnNpdGUiLCJpYXQiOjE2NDgyMzEyMjN9.M4TtReqNEJD3pJq-vpZ5F6RMz1IHCCRzAvlUy_aw5N8'\n}\" (type Object) at path \"_id\" for model \"User\" Cast to ObjectId failed for value \"{\n  confirmationCode: 'eyJhbGciOiJIUzI1NiIsInR5cCI6IkpXVCJ9.eyJlbWFpbCI6ImRmd0BzZmRpLnNpdGUiLCJpYXQiOjE2NDgyMzEyMjN9.M4TtReqNEJD3pJq-vpZ5F6RMz1IHCCRzAvlUy_aw5N8'\n}\" (type Object) at path \"_id\" for model \"User\"","path":"_id","reason":{},"stack":"CastError: Cast to ObjectId failed for value \"{\n  confirmationCode: 'eyJhbGciOiJIUzI1NiIsInR5cCI6IkpXVCJ9.eyJlbWFpbCI6ImRmd0BzZmRpLnNpdGUiLCJpYXQiOjE2NDgyMzEyMjN9.M4TtReqNEJD3pJq-vpZ5F6RMz1IHCCRzAvlUy_aw5N8'\n}\" (type Object) at path \"_id\" for model \"User\"\n    at model.Query.exec (C:\\Projects\\Personal\\Social\\socialie-back\\node_modules\\mongoose\\lib\\query.js:4638:21)\n    at model.Query.Query.then (C:\\Projects\\Personal\\Social\\socialie-back\\node_modules\\mongoose\\lib\\query.js:4737:15)\n    at processTicksAndRejections (internal/process/task_queues.js:95:5)","stringValue":"\"{\n  confirmationCode: 'eyJhbGciOiJIUzI1NiIsInR5cCI6IkpXVCJ9.eyJlbWFpbCI6ImRmd0BzZmRpLnNpdGUiLCJpYXQiOjE2NDgyMzEyMjN9.M4TtReqNEJD3pJq-vpZ5F6RMz1IHCCRzAvlUy_aw5N8'\n}\"","value":{"confirmationCode":"eyJhbGciOiJIUzI1NiIsInR5cCI6IkpXVCJ9.eyJlbWFpbCI6ImRmd0BzZmRpLnNpdGUiLCJpYXQiOjE2NDgyMzEyMjN9.M4TtReqNEJD3pJq-vpZ5F6RMz1IHCCRzAvlUy_aw5N8"},"valueType":"Object"}
{"level":"info","message":"Listening on port 3000"}
{"level":"info","message":"Connected to mongodb://localhost/socialie_db..."}
{"kind":"ObjectId","level":"error","message":"Cast to ObjectId failed for value \"{\n  confirmationCode: 'eyJhbGciOiJIUzI1NiIsInR5cCI6IkpXVCJ9.eyJlbWFpbCI6ImRmd0BzZmRpLnNpdGUiLCJpYXQiOjE2NDgyMzEyMjN9.M4TtReqNEJD3pJq-vpZ5F6RMz1IHCCRzAvlUy_aw5N8'\n}\" (type Object) at path \"_id\" for model \"User\" Cast to ObjectId failed for value \"{\n  confirmationCode: 'eyJhbGciOiJIUzI1NiIsInR5cCI6IkpXVCJ9.eyJlbWFpbCI6ImRmd0BzZmRpLnNpdGUiLCJpYXQiOjE2NDgyMzEyMjN9.M4TtReqNEJD3pJq-vpZ5F6RMz1IHCCRzAvlUy_aw5N8'\n}\" (type Object) at path \"_id\" for model \"User\"","path":"_id","reason":{},"stack":"CastError: Cast to ObjectId failed for value \"{\n  confirmationCode: 'eyJhbGciOiJIUzI1NiIsInR5cCI6IkpXVCJ9.eyJlbWFpbCI6ImRmd0BzZmRpLnNpdGUiLCJpYXQiOjE2NDgyMzEyMjN9.M4TtReqNEJD3pJq-vpZ5F6RMz1IHCCRzAvlUy_aw5N8'\n}\" (type Object) at path \"_id\" for model \"User\"\n    at model.Query.exec (C:\\Projects\\Personal\\Social\\socialie-back\\node_modules\\mongoose\\lib\\query.js:4638:21)\n    at model.Query.Query.then (C:\\Projects\\Personal\\Social\\socialie-back\\node_modules\\mongoose\\lib\\query.js:4737:15)\n    at processTicksAndRejections (internal/process/task_queues.js:95:5)","stringValue":"\"{\n  confirmationCode: 'eyJhbGciOiJIUzI1NiIsInR5cCI6IkpXVCJ9.eyJlbWFpbCI6ImRmd0BzZmRpLnNpdGUiLCJpYXQiOjE2NDgyMzEyMjN9.M4TtReqNEJD3pJq-vpZ5F6RMz1IHCCRzAvlUy_aw5N8'\n}\"","value":{"confirmationCode":"eyJhbGciOiJIUzI1NiIsInR5cCI6IkpXVCJ9.eyJlbWFpbCI6ImRmd0BzZmRpLnNpdGUiLCJpYXQiOjE2NDgyMzEyMjN9.M4TtReqNEJD3pJq-vpZ5F6RMz1IHCCRzAvlUy_aw5N8"},"valueType":"Object"}
{"level":"info","message":"Listening on port 3000"}
{"level":"info","message":"Connected to mongodb://localhost/socialie_db..."}
{"level":"info","message":"Listening on port 3000"}
{"level":"info","message":"Connected to mongodb://localhost/socialie_db..."}
{"level":"info","message":"Listening on port 3000"}
{"level":"info","message":"Connected to mongodb://localhost/socialie_db..."}
{"level":"info","message":"Listening on port 3000"}
{"level":"info","message":"Connected to mongodb://localhost/socialie_db..."}
{"level":"info","message":"Listening on port 3000"}
{"level":"info","message":"Connected to mongodb://localhost/socialie_db..."}
{"level":"info","message":"Listening on port 3000"}
{"level":"info","message":"Connected to mongodb://localhost/socialie_db..."}
{"level":"info","message":"Listening on port 3000"}
{"level":"info","message":"Connected to mongodb://localhost/socialie_db..."}
{"level":"info","message":"Listening on port 3000"}
{"level":"info","message":"Connected to mongodb://localhost/socialie_db..."}
{"level":"info","message":"Listening on port 3000"}
{"level":"info","message":"Connected to mongodb://localhost/socialie_db..."}
{"level":"info","message":"Listening on port 3000"}
{"level":"info","message":"Connected to mongodb://localhost/socialie_db..."}
{"level":"info","message":"Listening on port 3000"}
{"level":"info","message":"Connected to mongodb://localhost/socialie_db..."}
{"level":"info","message":"Listening on port 3000"}
{"level":"info","message":"Connected to mongodb://localhost/socialie_db..."}
{"level":"info","message":"Listening on port 3000"}
{"level":"info","message":"Connected to mongodb://localhost/socialie_db..."}
{"level":"info","message":"Listening on port 3000"}
{"level":"info","message":"Connected to mongodb://localhost/socialie_db..."}
{"level":"info","message":"Listening on port 3000"}
{"level":"info","message":"Connected to mongodb://localhost/socialie_db..."}
{"level":"info","message":"Listening on port 3000"}
{"level":"info","message":"Connected to mongodb://localhost/socialie_db..."}
{"level":"info","message":"Listening on port 3000"}
{"level":"info","message":"Connected to mongodb://localhost/socialie_db..."}
{"level":"info","message":"Listening on port 3000"}
{"level":"info","message":"Connected to mongodb://localhost/socialie_db..."}
{"level":"info","message":"Listening on port 3000"}
{"level":"info","message":"Connected to mongodb://localhost/socialie_db..."}
{"level":"info","message":"Listening on port 3000"}
{"level":"info","message":"Connected to mongodb://localhost/socialie_db..."}
{"level":"info","message":"Listening on port 3000"}
{"level":"info","message":"Connected to mongodb://localhost/socialie_db..."}
{"level":"info","message":"Listening on port 3000"}
{"level":"info","message":"Connected to mongodb://localhost/socialie_db..."}
{"level":"info","message":"Listening on port 3000"}
{"level":"info","message":"Connected to mongodb://localhost/socialie_db..."}
{"level":"info","message":"Listening on port 3000"}
{"level":"info","message":"Connected to mongodb://localhost/socialie_db..."}
